D:\PROGRAMDATA\VISUAL STUDIO 2012\PROJECTS\CGI\TECH_MAG\TECH_MAG\DEBUG\CGIC.OBJ
D:\PROGRAMDATA\VISUAL STUDIO 2012\PROJECTS\CGI\TECH_MAG\TECH_MAG\DEBUG\CTEMPLATE.OBJ
D:\PROGRAMDATA\VISUAL STUDIO 2012\PROJECTS\CGI\TECH_MAG\TECH_MAG\DEBUG\MAIN.OBJ
D:\PROGRAMDATA\VISUAL STUDIO 2012\PROJECTS\CGI\TECH_MAG\TECH_MAG\DEBUG\VC110.PDB
D:\PROGRAMDATA\WWW\TECH_MAG.ILK
D:\PROGRAMDATA\WWW\TECH_MAG.CGI
D:\PROGRAMDATA\WWW\TECH_MAG.PDB
D:\ProgramData\visual studio 2012\Projects\cgi\tech_mag\tech_mag\Debug\cgic.obj
D:\ProgramData\visual studio 2012\Projects\cgi\tech_mag\tech_mag\Debug\ctemplate.obj
D:\ProgramData\visual studio 2012\Projects\cgi\tech_mag\tech_mag\Debug\main.obj
D:\ProgramData\visual studio 2012\Projects\cgi\tech_mag\tech_mag\Debug\cl.command.1.tlog
D:\ProgramData\visual studio 2012\Projects\cgi\tech_mag\tech_mag\Debug\CL.read.1.tlog
D:\ProgramData\visual studio 2012\Projects\cgi\tech_mag\tech_mag\Debug\CL.write.1.tlog
D:\ProgramData\visual studio 2012\Projects\cgi\tech_mag\tech_mag\Debug\link-cvtres.read.1.tlog
D:\ProgramData\visual studio 2012\Projects\cgi\tech_mag\tech_mag\Debug\link-cvtres.write.1.tlog
D:\ProgramData\visual studio 2012\Projects\cgi\tech_mag\tech_mag\Debug\link-rc.read.1.tlog
D:\ProgramData\visual studio 2012\Projects\cgi\tech_mag\tech_mag\Debug\link-rc.write.1.tlog
D:\ProgramData\visual studio 2012\Projects\cgi\tech_mag\tech_mag\Debug\link.8016-cvtres.read.1.tlog
D:\ProgramData\visual studio 2012\Projects\cgi\tech_mag\tech_mag\Debug\link.8016-cvtres.write.1.tlog
D:\ProgramData\visual studio 2012\Projects\cgi\tech_mag\tech_mag\Debug\link.8016-rc.read.1.tlog
D:\ProgramData\visual studio 2012\Projects\cgi\tech_mag\tech_mag\Debug\link.8016-rc.write.1.tlog
D:\ProgramData\visual studio 2012\Projects\cgi\tech_mag\tech_mag\Debug\link.8016.read.1.tlog
D:\ProgramData\visual studio 2012\Projects\cgi\tech_mag\tech_mag\Debug\link.8016.write.1.tlog
D:\ProgramData\visual studio 2012\Projects\cgi\tech_mag\tech_mag\Debug\link.command.1.tlog
D:\ProgramData\visual studio 2012\Projects\cgi\tech_mag\tech_mag\Debug\link.read.1.tlog
D:\ProgramData\visual studio 2012\Projects\cgi\tech_mag\tech_mag\Debug\link.write.1.tlog
D:\ProgramData\visual studio 2012\Projects\cgi\tech_mag\tech_mag\Debug\vc110.idb
D:\ProgramData\visual studio 2012\Projects\cgi\tech_mag\tech_mag\Debug\vc110.pdb
D:\ProgramData\www\tech_mag.pdb
D:\ProgramData\www\tech_mag.cgi
D:\ProgramData\www\tech_mag.ilk
